[main 36e186d5] Problem solving session
 2 files changed, 24 insertions(+), 1 deletion(-)
 create mode 100644 cron.log
To https://github.com/neofytr/Codeforces.git
   f443acb0..36e186d5  main -> main
branch 'main' set up to track 'origin/main'.
[main 7aa70258] CF grind
 4 files changed, 34 insertions(+), 31 deletions(-)
To https://github.com/neofytr/Codeforces.git
   36e186d5..7aa70258  main -> main
branch 'main' set up to track 'origin/main'.
[main 1fb0fae2] Solved a CF problem
 5 files changed, 24 insertions(+), 15 deletions(-)
 create mode 100644 random/1200/boneca.cpp
To https://github.com/neofytr/Codeforces.git
   7aa70258..1fb0fae2  main -> main
branch 'main' set up to track 'origin/main'.
[main b2f32e8d] Practiced CF problems
 5 files changed, 50 insertions(+), 38 deletions(-)
To https://github.com/neofytr/Codeforces.git
   1fb0fae2..b2f32e8d  main -> main
branch 'main' set up to track 'origin/main'.
[main 7077afba] Solved a few problems
 5 files changed, 28 insertions(+), 16 deletions(-)
 create mode 100644 random/1200/asuna.cpp
To https://github.com/neofytr/Codeforces.git
   b2f32e8d..7077afba  main -> main
branch 'main' set up to track 'origin/main'.
[main 8eaf7cb5] CF grind
 4 files changed, 47 insertions(+), 3 deletions(-)
 create mode 100644 random/1200/placeOlympiad.cpp
 create mode 100644 random/1200/serval.cpp
To https://github.com/neofytr/Codeforces.git
   892e663a..8eaf7cb5  main -> main
branch 'main' set up to track 'origin/main'.
[main f892134b] Solved problem
 1 file changed, 26 insertions(+)
 create mode 100644 random/1200/keys.cpp
To https://github.com/neofytr/Codeforces.git
   238aabdb..f892134b  main -> main
branch 'main' set up to track 'origin/main'.
[main ffdcca96] Solved some problems
 5 files changed, 72 insertions(+), 17 deletions(-)
 create mode 100644 random/1200/setStrangers.cpp
To https://github.com/neofytr/Codeforces.git
   f892134b..ffdcca96  main -> main
branch 'main' set up to track 'origin/main'.
[main f8355798] Solved a few problems
 4 files changed, 14 insertions(+), 13 deletions(-)
To https://github.com/neofytr/Codeforces.git
   ffdcca96..f8355798  main -> main
branch 'main' set up to track 'origin/main'.
[main 3a6b4385] Practiced CF problems
 5 files changed, 60 insertions(+), 3 deletions(-)
 create mode 100644 random/1200/twoLargeBags.cpp
To https://github.com/neofytr/Codeforces.git
   f8355798..3a6b4385  main -> main
branch 'main' set up to track 'origin/main'.
[main 32ba983c] Solved a few problems
 5 files changed, 70 insertions(+), 14 deletions(-)
 create mode 100644 random/1200/skibidus.cpp
To https://github.com/neofytr/Codeforces.git
   3a6b4385..32ba983c  main -> main
branch 'main' set up to track 'origin/main'.
[main e8e46cfd] More problems solved
 1 file changed, 27 insertions(+)
 create mode 100644 random/1200/cirno.cpp
To https://github.com/neofytr/Codeforces.git
   5af946e3..e8e46cfd  main -> main
branch 'main' set up to track 'origin/main'.
[main 4561af62] More problems solved
 5 files changed, 62 insertions(+), 8 deletions(-)
 create mode 100644 random/1200/palindromicSubsequences.cpp
To https://github.com/neofytr/Codeforces.git
   e8e46cfd..4561af62  main -> main
branch 'main' set up to track 'origin/main'.
[main 1419b8df] Solved a few problems
 4 files changed, 37 insertions(+), 6 deletions(-)
To https://github.com/neofytr/Codeforces.git
   4561af62..1419b8df  main -> main
branch 'main' set up to track 'origin/main'.
[main 716968c2] CF grind
 1 file changed, 5 insertions(+)
To https://github.com/neofytr/Codeforces.git
   1419b8df..716968c2  main -> main
branch 'main' set up to track 'origin/main'.
[main 1906b7c5] Problem solving session
 4 files changed, 67 insertions(+), 23 deletions(-)
 create mode 100644 random/1200/countingPairs.cpp
To https://github.com/neofytr/Codeforces.git
   716968c2..1906b7c5  main -> main
branch 'main' set up to track 'origin/main'.
[main f4f799e5] CF grind
 3 files changed, 49 insertions(+), 15 deletions(-)
 create mode 100644 random/1200/uninterestingNumber.cpp
To https://github.com/neofytr/Codeforces.git
   45f3cdb0..f4f799e5  main -> main
branch 'main' set up to track 'origin/main'.
[main a675e337] Worked on Codeforces problems
 4 files changed, 71 insertions(+), 2 deletions(-)
 create mode 100644 random/1200/kevinBinary.cpp
To https://github.com/neofytr/Codeforces.git
   f4f799e5..a675e337  main -> main
branch 'main' set up to track 'origin/main'.
[main 254ba56a] Solved problem
 5 files changed, 90 insertions(+), 19 deletions(-)
 create mode 100644 random/1200/swapColsFindPathc.cpp
To https://github.com/neofytr/Codeforces.git
   a675e337..254ba56a  main -> main
branch 'main' set up to track 'origin/main'.
[main 2d11cc97] Practiced CF problems
 4 files changed, 16 insertions(+), 44 deletions(-)
To https://github.com/neofytr/Codeforces.git
   254ba56a..2d11cc97  main -> main
branch 'main' set up to track 'origin/main'.
[main 49e0a78b] Solved some problems
 4 files changed, 25 insertions(+), 3 deletions(-)
To https://github.com/neofytr/Codeforces.git
   2d11cc97..49e0a78b  main -> main
branch 'main' set up to track 'origin/main'.
[main 45ce69ba] CF grind
 3 files changed, 24 insertions(+), 19 deletions(-)
To https://github.com/neofytr/Codeforces.git
   49e0a78b..45ce69ba  main -> main
branch 'main' set up to track 'origin/main'.
[main fdfc7e3b] Problem solving session
 1 file changed, 5 insertions(+)
To https://github.com/neofytr/Codeforces.git
   45ce69ba..fdfc7e3b  main -> main
branch 'main' set up to track 'origin/main'.
[main 9244dacd] Problem solving session
 6 files changed, 109 insertions(+), 5 deletions(-)
 create mode 100644 random/1200/beautifulArray.cpp
 create mode 100644 random/1200/bowlingFrame.cpp
 create mode 100644 random/1200/shohagLovesXorEasy.cpp
To https://github.com/neofytr/Codeforces.git
   97c7f8e9..9244dacd  main -> main
branch 'main' set up to track 'origin/main'.
[main acb5ee55] More problems solved
 1 file changed, 8 insertions(+)
To https://github.com/neofytr/Codeforces.git
   9244dacd..acb5ee55  main -> main
branch 'main' set up to track 'origin/main'.
[main dc2c8186] Solved a few problems
 1 file changed, 5 insertions(+)
To https://github.com/neofytr/Codeforces.git
   acb5ee55..dc2c8186  main -> main
branch 'main' set up to track 'origin/main'.
[main 180a2f59] Practiced CF problems
 2 files changed, 21 insertions(+)
To https://github.com/neofytr/Codeforces.git
   dc2c8186..180a2f59  main -> main
branch 'main' set up to track 'origin/main'.
[main 5d737ea9] CF grind
 5 files changed, 25 insertions(+), 6 deletions(-)
To https://github.com/neofytr/Codeforces.git
   180a2f59..5d737ea9  main -> main
branch 'main' set up to track 'origin/main'.
[main 2f0d8bc5] Practiced CF problems
 1 file changed, 1 insertion(+), 1 deletion(-)
To https://github.com/neofytr/Codeforces.git
   d1da10d2..2f0d8bc5  main -> main
branch 'main' set up to track 'origin/main'.
On branch main
Your branch is up to date with 'origin/main'.

nothing to commit, working tree clean
[main 892eb64f] Problem solving session
 5 files changed, 85 insertions(+), 2 deletions(-)
 create mode 100644 random/1200/allPairs.cpp
 create mode 100644 random/1200/theStrictTeacherHard.cpp
To https://github.com/neofytr/Codeforces.git
   bae652c9..892eb64f  main -> main
branch 'main' set up to track 'origin/main'.
[main 9caad1e3] Solved a CF problem
 6 files changed, 69 insertions(+), 9 deletions(-)
 create mode 100644 random/1200/blackCircles.cpp
 create mode 100644 random/1200/turtleGoodPairs.cpp
To https://github.com/neofytr/Codeforces.git
   892eb64f..9caad1e3  main -> main
branch 'main' set up to track 'origin/main'.
[main 129d7904] Worked on Codeforces problems
 5 files changed, 97 insertions(+), 10 deletions(-)
 create mode 100644 random/1200/rightLeftWrong.cpp
To https://github.com/neofytr/Codeforces.git
   9caad1e3..129d7904  main -> main
branch 'main' set up to track 'origin/main'.
[main 01fcbcc9] CF grind
 4 files changed, 64 insertions(+), 13 deletions(-)
 create mode 100644 random/1200/sort.cpp
To https://github.com/neofytr/Codeforces.git
   129d7904..01fcbcc9  main -> main
branch 'main' set up to track 'origin/main'.
[main c82c87c3] Solved some problems
 1 file changed, 6 insertions(+)
To https://github.com/neofytr/Codeforces.git
   01fcbcc9..c82c87c3  main -> main
branch 'main' set up to track 'origin/main'.
[main a95a2c98] CF grind
 1 file changed, 5 insertions(+)
To https://github.com/neofytr/Codeforces.git
   c82c87c3..a95a2c98  main -> main
branch 'main' set up to track 'origin/main'.
[main 15617bd4] Solved some problems
 1 file changed, 5 insertions(+)
To https://github.com/neofytr/Codeforces.git
   a95a2c98..15617bd4  main -> main
branch 'main' set up to track 'origin/main'.
[main cfabdfe4] Solved some problems
 1 file changed, 5 insertions(+)
To https://github.com/neofytr/Codeforces.git
   15617bd4..cfabdfe4  main -> main
branch 'main' set up to track 'origin/main'.
[main f1c950f3] Practiced CF problems
 2 files changed, 42 insertions(+)
 create mode 100644 random/1300/maxDistToPort.cpp
To https://github.com/neofytr/Codeforces.git
   cfabdfe4..f1c950f3  main -> main
branch 'main' set up to track 'origin/main'.
On branch main
Your branch is up to date with 'origin/main'.

nothing to commit, working tree clean
[main 0eff2262] Solved some problems
 1 file changed, 4 insertions(+)
To https://github.com/neofytr/Codeforces.git
   f10ff58b..0eff2262  main -> main
branch 'main' set up to track 'origin/main'.
[main ee578447] Solved some problems
 1 file changed, 5 insertions(+)
To https://github.com/neofytr/Codeforces.git
   0eff2262..ee578447  main -> main
branch 'main' set up to track 'origin/main'.
[main b267fd18] Solved a few problems
 4 files changed, 55 insertions(+), 12 deletions(-)
 create mode 100644 random/1300/rangeOperation.cpp
To https://github.com/neofytr/Codeforces.git
   ee578447..b267fd18  main -> main
branch 'main' set up to track 'origin/main'.
[main 9b5862b0] More problems solved
 5 files changed, 71 insertions(+), 13 deletions(-)
 create mode 100644 random/1300/cycleMerging.cpp
To https://github.com/neofytr/Codeforces.git
   b267fd18..9b5862b0  main -> main
branch 'main' set up to track 'origin/main'.
[main 398df398] Practiced CF problems
 6 files changed, 131 insertions(+), 9 deletions(-)
 create mode 100644 random/1300/incrementalPath.cpp
 create mode 100644 random/1300/reverseXOR.cpp
To https://github.com/neofytr/Codeforces.git
   9b5862b0..398df398  main -> main
branch 'main' set up to track 'origin/main'.
[main dbdba75d] Solved a CF problem
 4 files changed, 62 insertions(+), 8 deletions(-)
To https://github.com/neofytr/Codeforces.git
   398df398..dbdba75d  main -> main
branch 'main' set up to track 'origin/main'.
[main c430c109] Solved problem
 5 files changed, 134 insertions(+), 28 deletions(-)
 create mode 100644 random/1300/wrongBinarySearch.cpp
To https://github.com/neofytr/Codeforces.git
   dbdba75d..c430c109  main -> main
branch 'main' set up to track 'origin/main'.
[main fb3fe943] Worked on Codeforces problems
 2 files changed, 14 insertions(+)
To https://github.com/neofytr/Codeforces.git
   c430c109..fb3fe943  main -> main
branch 'main' set up to track 'origin/main'.
[main e4c18f41] Solved problem
 1 file changed, 5 insertions(+)
To https://github.com/neofytr/Codeforces.git
   fb3fe943..e4c18f41  main -> main
branch 'main' set up to track 'origin/main'.
[main 60b2465a] Solved some problems
 1 file changed, 5 insertions(+)
To https://github.com/neofytr/Codeforces.git
   e4c18f41..60b2465a  main -> main
branch 'main' set up to track 'origin/main'.
[main 6db02196] Solved some problems
 5 files changed, 73 insertions(+), 101 deletions(-)
 create mode 100644 random/1300/monocarpString.cpp
To https://github.com/neofytr/Codeforces.git
   60b2465a..6db02196  main -> main
branch 'main' set up to track 'origin/main'.
[main 40011cb3] Worked on Codeforces problems
 1 file changed, 6 insertions(+)
To https://github.com/neofytr/Codeforces.git
   6db02196..40011cb3  main -> main
branch 'main' set up to track 'origin/main'.
[main 2565da99] Solved some problems
 4 files changed, 54 insertions(+), 2 deletions(-)
 create mode 100644 random/1300/nonDescArrays.cpp
To https://github.com/neofytr/Codeforces.git
   40011cb3..2565da99  main -> main
branch 'main' set up to track 'origin/main'.
[main 19ad5e0b] Solved a few problems
 1 file changed, 6 insertions(+)
To https://github.com/neofytr/Codeforces.git
   2565da99..19ad5e0b  main -> main
branch 'main' set up to track 'origin/main'.
[main bc0b4ae4] Practiced CF problems
 4 files changed, 57 insertions(+), 7 deletions(-)
 create mode 100644 random/1300/maxTree.cpp
To https://github.com/neofytr/Codeforces.git
   19ad5e0b..bc0b4ae4  main -> main
branch 'main' set up to track 'origin/main'.
[main cc0972a2] Solved problem
 3 files changed, 9 insertions(+), 11 deletions(-)
To https://github.com/neofytr/Codeforces.git
   bc0b4ae4..cc0972a2  main -> main
branch 'main' set up to track 'origin/main'.
[main f2a35f9b] Solved problem
 5 files changed, 106 insertions(+), 21 deletions(-)
 create mode 100644 random/1300/doublePerspective.cpp
To https://github.com/neofytr/Codeforces.git
   cc0972a2..f2a35f9b  main -> main
branch 'main' set up to track 'origin/main'.
[main 442bb7ef] Worked on Codeforces problems
 4 files changed, 62 insertions(+), 36 deletions(-)
 create mode 100644 random/1300/hamid.cpp
To https://github.com/neofytr/Codeforces.git
   f2a35f9b..442bb7ef  main -> main
branch 'main' set up to track 'origin/main'.
[main f7def714] Solved problem
 2 files changed, 31 insertions(+)
To https://github.com/neofytr/Codeforces.git
   442bb7ef..f7def714  main -> main
branch 'main' set up to track 'origin/main'.
[main 36a256cd] Solved some problems
 5 files changed, 91 insertions(+), 41 deletions(-)
 create mode 100644 random/1300/subsetMultiplication.cpp
To https://github.com/neofytr/Codeforces.git
   f7def714..36a256cd  main -> main
branch 'main' set up to track 'origin/main'.
